<?xml version="1.0" encoding="UTF-8" ?>
<testsuite failures="0" time="0.02" errors="0" skipped="0" tests="7" name="org.blim.whist.test.GameTest">
  <properties>
[...]
</properties>
  <testcase time="0.011" classname="org.blim.whist.test.GameTest" name="testDealHandOfThirteenCards"/>
  <testcase time="0.001" classname="org.blim.whist.test.GameTest" name="testBid"/>
  <testcase time="0" classname="org.blim.whist.test.GameTest" name="testSelectTrumps"/>
  <testcase time="0.001" classname="org.blim.whist.test.GameTest" name="testPlayCard"/>
  <testcase time="0.001" classname="org.blim.whist.test.GameTest" name="testPlayerToPlay"/>
  <testcase time="0.001" classname="org.blim.whist.test.GameTest" name="testGameFinished"/>
  <testcase time="0.001" classname="org.blim.whist.test.GameTest" name="testGameScores"/>
</testsuite>